==2602== Memcheck, a memory error detector
==2602== Copyright (C) 2002-2013, and GNU GPL'd, by Julian Seward et al.
==2602== Using Valgrind-3.10.0.SVN and LibVEX; rerun with -h for copyright info
==2602== Command: ./alpha_beta
==2602== 
==2602== Conditional jump or move depends on uninitialised value(s)
==2602==    at 0x4032CB: alpha_beta (alpha_beta.c:966)
==2602==    by 0x403527: main (alpha_beta.c:1003)
==2602== 
==2602== Conditional jump or move depends on uninitialised value(s)
==2602==    at 0x4032FB: alpha_beta (alpha_beta.c:966)
==2602==    by 0x403527: main (alpha_beta.c:1003)
==2602== 
==2602== Conditional jump or move depends on uninitialised value(s)
==2602==    at 0x4009DC: apply_move (alpha_beta.c:125)
==2602==    by 0x403368: alpha_beta (alpha_beta.c:974)
==2602==    by 0x403527: main (alpha_beta.c:1003)
==2602== 
==2602== Conditional jump or move depends on uninitialised value(s)
==2602==    at 0x4E8158E: vfprintf (vfprintf.c:1660)
==2602==    by 0x4E8B498: printf (printf.c:33)
==2602==    by 0x400A0D: apply_move (alpha_beta.c:126)
==2602==    by 0x403368: alpha_beta (alpha_beta.c:974)
==2602==    by 0x403527: main (alpha_beta.c:1003)
==2602== 
==2602== Use of uninitialised value of size 8
==2602==    at 0x4E80A4B: _itoa_word (_itoa.c:179)
==2602==    by 0x4E846F6: vfprintf (vfprintf.c:1660)
==2602==    by 0x4E8B498: printf (printf.c:33)
==2602==    by 0x400A0D: apply_move (alpha_beta.c:126)
==2602==    by 0x403368: alpha_beta (alpha_beta.c:974)
==2602==    by 0x403527: main (alpha_beta.c:1003)
==2602== 
==2602== Conditional jump or move depends on uninitialised value(s)
==2602==    at 0x4E80A55: _itoa_word (_itoa.c:179)
==2602==    by 0x4E846F6: vfprintf (vfprintf.c:1660)
==2602==    by 0x4E8B498: printf (printf.c:33)
==2602==    by 0x400A0D: apply_move (alpha_beta.c:126)
==2602==    by 0x403368: alpha_beta (alpha_beta.c:974)
==2602==    by 0x403527: main (alpha_beta.c:1003)
==2602== 
==2602== Conditional jump or move depends on uninitialised value(s)
==2602==    at 0x4E84742: vfprintf (vfprintf.c:1660)
==2602==    by 0x4E8B498: printf (printf.c:33)
==2602==    by 0x400A0D: apply_move (alpha_beta.c:126)
==2602==    by 0x403368: alpha_beta (alpha_beta.c:974)
==2602==    by 0x403527: main (alpha_beta.c:1003)
==2602== 
==2602== Conditional jump or move depends on uninitialised value(s)
==2602==    at 0x4E81659: vfprintf (vfprintf.c:1660)
==2602==    by 0x4E8B498: printf (printf.c:33)
==2602==    by 0x400A0D: apply_move (alpha_beta.c:126)
==2602==    by 0x403368: alpha_beta (alpha_beta.c:974)
==2602==    by 0x403527: main (alpha_beta.c:1003)
==2602== 
==2602== Conditional jump or move depends on uninitialised value(s)
==2602==    at 0x4E816DC: vfprintf (vfprintf.c:1660)
==2602==    by 0x4E8B498: printf (printf.c:33)
==2602==    by 0x400A0D: apply_move (alpha_beta.c:126)
==2602==    by 0x403368: alpha_beta (alpha_beta.c:974)
==2602==    by 0x403527: main (alpha_beta.c:1003)
==2602== 
==2602== Use of uninitialised value of size 8
==2602==    at 0x400ADC: apply_move (alpha_beta.c:134)
==2602==    by 0x403368: alpha_beta (alpha_beta.c:974)
==2602==    by 0x403527: main (alpha_beta.c:1003)
==2602== 
==2602== Use of uninitialised value of size 8
==2602==    at 0x400AFF: apply_move (alpha_beta.c:135)
==2602==    by 0x403368: alpha_beta (alpha_beta.c:974)
==2602==    by 0x403527: main (alpha_beta.c:1003)
==2602== 
==2602== Conditional jump or move depends on uninitialised value(s)
==2602==    at 0x400B0F: apply_move (alpha_beta.c:137)
==2602==    by 0x403368: alpha_beta (alpha_beta.c:974)
==2602==    by 0x403527: main (alpha_beta.c:1003)
==2602== 
==2602== Conditional jump or move depends on uninitialised value(s)
==2602==    at 0x400B35: apply_move (alpha_beta.c:143)
==2602==    by 0x403368: alpha_beta (alpha_beta.c:974)
==2602==    by 0x403527: main (alpha_beta.c:1003)
==2602== 
==2602== Use of uninitialised value of size 8
==2602==    at 0x400B59: apply_move (alpha_beta.c:144)
==2602==    by 0x403368: alpha_beta (alpha_beta.c:974)
==2602==    by 0x403527: main (alpha_beta.c:1003)
==2602== 
==2602== Use of uninitialised value of size 8
==2602==    at 0x400B81: apply_move (alpha_beta.c:145)
==2602==    by 0x403368: alpha_beta (alpha_beta.c:974)
==2602==    by 0x403527: main (alpha_beta.c:1003)
==2602== 
==2602== Conditional jump or move depends on uninitialised value(s)
==2602==    at 0x4E8158E: vfprintf (vfprintf.c:1660)
==2602==    by 0x4E8B498: printf (printf.c:33)
==2602==    by 0x403577: main (alpha_beta.c:1004)
==2602== 
==2602== Use of uninitialised value of size 8
==2602==    at 0x4E80A4B: _itoa_word (_itoa.c:179)
==2602==    by 0x4E846F6: vfprintf (vfprintf.c:1660)
==2602==    by 0x4E8B498: printf (printf.c:33)
==2602==    by 0x403577: main (alpha_beta.c:1004)
==2602== 
==2602== Conditional jump or move depends on uninitialised value(s)
==2602==    at 0x4E80A55: _itoa_word (_itoa.c:179)
==2602==    by 0x4E846F6: vfprintf (vfprintf.c:1660)
==2602==    by 0x4E8B498: printf (printf.c:33)
==2602==    by 0x403577: main (alpha_beta.c:1004)
==2602== 
==2602== Conditional jump or move depends on uninitialised value(s)
==2602==    at 0x4E84742: vfprintf (vfprintf.c:1660)
==2602==    by 0x4E8B498: printf (printf.c:33)
==2602==    by 0x403577: main (alpha_beta.c:1004)
==2602== 
==2602== Conditional jump or move depends on uninitialised value(s)
==2602==    at 0x4E81659: vfprintf (vfprintf.c:1660)
==2602==    by 0x4E8B498: printf (printf.c:33)
==2602==    by 0x403577: main (alpha_beta.c:1004)
==2602== 
==2602== Conditional jump or move depends on uninitialised value(s)
==2602==    at 0x4E816DC: vfprintf (vfprintf.c:1660)
==2602==    by 0x4E8B498: printf (printf.c:33)
==2602==    by 0x403577: main (alpha_beta.c:1004)
==2602== 
==2602== Use of uninitialised value of size 8
==2602==    at 0x400A68: apply_move (alpha_beta.c:132)
==2602==    by 0x403368: alpha_beta (alpha_beta.c:974)
==2602==    by 0x403527: main (alpha_beta.c:1003)
==2602== 
==2602== Use of uninitialised value of size 8
==2602==    at 0x400A93: apply_move (alpha_beta.c:133)
==2602==    by 0x403368: alpha_beta (alpha_beta.c:974)
==2602==    by 0x403527: main (alpha_beta.c:1003)
==2602== 
==2602== Use of uninitialised value of size 8
==2602==    at 0x400AD6: apply_move (alpha_beta.c:134)
==2602==    by 0x403368: alpha_beta (alpha_beta.c:974)
==2602==    by 0x403527: main (alpha_beta.c:1003)
==2602== 
==2602== 
==2602== HEAP SUMMARY:
==2602==     in use at exit: 840 bytes in 4 blocks
==2602==   total heap usage: 12 allocs, 8 frees, 2,520 bytes allocated
==2602== 
==2602== LEAK SUMMARY:
==2602==    definitely lost: 0 bytes in 0 blocks
==2602==    indirectly lost: 0 bytes in 0 blocks
==2602==      possibly lost: 0 bytes in 0 blocks
==2602==    still reachable: 840 bytes in 4 blocks
==2602==         suppressed: 0 bytes in 0 blocks
==2602== Rerun with --leak-check=full to see details of leaked memory
==2602== 
==2602== For counts of detected and suppressed errors, rerun with: -v
==2602== Use --track-origins=yes to see where uninitialised values come from
==2602== ERROR SUMMARY: 196 errors from 24 contexts (suppressed: 0 from 0)
